# JRE version: OpenJDK Runtime Environment (8.0_202-b03) (build 1.8.0_202-release-1483-b03)
# Java VM: OpenJDK 64-Bit Server VM (25.202-b03 mixed mode windows-amd64 compressed oops)
Heap:
 PSYoungGen      total 65024K, used 31554K [0x00000000e0000000, 0x00000000e4980000, 0x0000000100000000)
  eden space 54784K, 47% used [0x00000000e0000000,0x00000000e1969b40,0x00000000e3580000)
  from space 10240K, 54% used [0x00000000e3f80000,0x00000000e44e6d98,0x00000000e4980000)
  to   space 10240K, 0% used [0x00000000e3580000,0x00000000e3580000,0x00000000e3f80000)
 ParOldGen       total 58368K, used 8590K [0x00000000a0000000, 0x00000000a3900000, 0x00000000e0000000)
  object space 58368K, 14% used [0x00000000a0000000,0x00000000a0863b58,0x00000000a3900000)
 Metaspace       used 29977K, capacity 30540K, committed 30848K, reserved 1075200K
  class space    used 4174K, capacity 4367K, committed 4480K, reserved 1048576K
GC Heap History (10 events):
Event: 11.642 GC heap before
{Heap before GC invocations=5 (full 0):
 PSYoungGen      total 38400K, used 38384K [0x00000000e0000000, 0x00000000e2a80000, 0x0000000100000000)
  eden space 33280K, 100% used [0x00000000e0000000,0x00000000e2080000,0x00000000e2080000)
  from space 5120K, 99% used [0x00000000e2580000,0x00000000e2a7c010,0x00000000e2a80000)
  to   space 5120K, 0% used [0x00000000e2080000,0x00000000e2080000,0x00000000e2580000)
 ParOldGen       total 87552K, used 5051K [0x00000000a0000000, 0x00000000a5580000, 0x00000000e0000000)
  object space 87552K, 5% used [0x00000000a0000000,0x00000000a04eecd8,0x00000000a5580000)
 Metaspace       used 19090K, capacity 19578K, committed 19712K, reserved 1067008K
  class space    used 2770K, capacity 2961K, committed 3072K, reserved 1048576K
Event: 11.659 GC heap after
Heap after GC invocations=5 (full 0):
 PSYoungGen      total 37888K, used 5104K [0x00000000e0000000, 0x00000000e3500000, 0x0000000100000000)
  eden space 32768K, 0% used [0x00000000e0000000,0x00000000e0000000,0x00000000e2000000)
  from space 5120K, 99% used [0x00000000e2080000,0x00000000e257c060,0x00000000e2580000)
  to   space 10752K, 0% used [0x00000000e2a80000,0x00000000e2a80000,0x00000000e3500000)
 ParOldGen       total 87552K, used 8785K [0x00000000a0000000, 0x00000000a5580000, 0x00000000e0000000)
  object space 87552K, 10% used [0x00000000a0000000,0x00000000a08944b8,0x00000000a5580000)
 Metaspace       used 19090K, capacity 19578K, committed 19712K, reserved 1067008K
  class space    used 2770K, capacity 2961K, committed 3072K, reserved 1048576K
}
Event: 12.265 GC heap before
{Heap before GC invocations=6 (full 0):
 PSYoungGen      total 37888K, used 16324K [0x00000000e0000000, 0x00000000e3500000, 0x0000000100000000)
  eden space 32768K, 34% used [0x00000000e0000000,0x00000000e0af5178,0x00000000e2000000)
  from space 5120K, 99% used [0x00000000e2080000,0x00000000e257c060,0x00000000e2580000)
  to   space 10752K, 0% used [0x00000000e2a80000,0x00000000e2a80000,0x00000000e3500000)
 ParOldGen       total 87552K, used 8785K [0x00000000a0000000, 0x00000000a5580000, 0x00000000e0000000)
  object space 87552K, 10% used [0x00000000a0000000,0x00000000a08944b8,0x00000000a5580000)
 Metaspace       used 20695K, capacity 21160K, committed 21296K, reserved 1067008K
  class space    used 2953K, capacity 3125K, committed 3200K, reserved 1048576K
Event: 12.283 GC heap after
Heap after GC invocations=6 (full 0):
 PSYoungGen      total 44032K, used 7171K [0x00000000e0000000, 0x00000000e5400000, 0x0000000100000000)
  eden space 33280K, 0% used [0x00000000e0000000,0x00000000e0000000,0x00000000e2080000)
  from space 10752K, 66% used [0x00000000e2a80000,0x00000000e3180e78,0x00000000e3500000)
  to   space 10240K, 0% used [0x00000000e2080000,0x00000000e2080000,0x00000000e2a80000)
 ParOldGen       total 87552K, used 8793K [0x00000000a0000000, 0x00000000a5580000, 0x00000000e0000000)
  object space 87552K, 10% used [0x00000000a0000000,0x00000000a08964b8,0x00000000a5580000)
 Metaspace       used 20695K, capacity 21160K, committed 21296K, reserved 1067008K
  class space    used 2953K, capacity 3125K, committed 3200K, reserved 1048576K
}
Event: 12.283 GC heap before
{Heap before GC invocations=7 (full 1):
 PSYoungGen      total 44032K, used 7171K [0x00000000e0000000, 0x00000000e5400000, 0x0000000100000000)
  eden space 33280K, 0% used [0x00000000e0000000,0x00000000e0000000,0x00000000e2080000)
  from space 10752K, 66% used [0x00000000e2a80000,0x00000000e3180e78,0x00000000e3500000)
  to   space 10240K, 0% used [0x00000000e2080000,0x00000000e2080000,0x00000000e2a80000)
 ParOldGen       total 87552K, used 8793K [0x00000000a0000000, 0x00000000a5580000, 0x00000000e0000000)
  object space 87552K, 10% used [0x00000000a0000000,0x00000000a08964b8,0x00000000a5580000)
 Metaspace       used 20695K, capacity 21160K, committed 21296K, reserved 1067008K
  class space    used 2953K, capacity 3125K, committed 3200K, reserved 1048576K
Event: 12.358 GC heap after
Heap after GC invocations=7 (full 1):
 PSYoungGen      total 44032K, used 0K [0x00000000e0000000, 0x00000000e5400000, 0x0000000100000000)
  eden space 33280K, 0% used [0x00000000e0000000,0x00000000e0000000,0x00000000e2080000)
  from space 10752K, 0% used [0x00000000e2a80000,0x00000000e2a80000,0x00000000e3500000)
  to   space 10240K, 0% used [0x00000000e2080000,0x00000000e2080000,0x00000000e2a80000)
 ParOldGen       total 58368K, used 8574K [0x00000000a0000000, 0x00000000a3900000, 0x00000000e0000000)
  object space 58368K, 14% used [0x00000000a0000000,0x00000000a085fb58,0x00000000a3900000)
 Metaspace       used 20695K, capacity 21160K, committed 21296K, reserved 1067008K
  class space    used 2953K, capacity 3125K, committed 3200K, reserved 1048576K
}
Event: 14.228 GC heap before
{Heap before GC invocations=8 (full 1):
 PSYoungGen      total 44032K, used 33280K [0x00000000e0000000, 0x00000000e5400000, 0x0000000100000000)
  eden space 33280K, 100% used [0x00000000e0000000,0x00000000e2080000,0x00000000e2080000)
  from space 10752K, 0% used [0x00000000e2a80000,0x00000000e2a80000,0x00000000e3500000)
  to   space 10240K, 0% used [0x00000000e2080000,0x00000000e2080000,0x00000000e2a80000)
 ParOldGen       total 58368K, used 8574K [0x00000000a0000000, 0x00000000a3900000, 0x00000000e0000000)
  object space 58368K, 14% used [0x00000000a0000000,0x00000000a085fb58,0x00000000a3900000)
 Metaspace       used 25854K, capacity 26340K, committed 26496K, reserved 1073152K
  class space    used 3493K, capacity 3677K, committed 3712K, reserved 1048576K
Event: 14.237 GC heap after
Heap after GC invocations=8 (full 1):
 PSYoungGen      total 43520K, used 4474K [0x00000000e0000000, 0x00000000e4980000, 0x0000000100000000)
  eden space 33280K, 0% used [0x00000000e0000000,0x00000000e0000000,0x00000000e2080000)
  from space 10240K, 43% used [0x00000000e2080000,0x00000000e24de970,0x00000000e2a80000)
  to   space 10240K, 0% used [0x00000000e3f80000,0x00000000e3f80000,0x00000000e4980000)
 ParOldGen       total 58368K, used 8582K [0x00000000a0000000, 0x00000000a3900000, 0x00000000e0000000)
  object space 58368K, 14% used [0x00000000a0000000,0x00000000a0861b58,0x00000000a3900000)
 Metaspace       used 25854K, capacity 26340K, committed 26496K, reserved 1073152K
  class space    used 3493K, capacity 3677K, committed 3712K, reserved 1048576K
}
Event: 15.340 GC heap before
{Heap before GC invocations=9 (full 1):
 PSYoungGen      total 43520K, used 37754K [0x00000000e0000000, 0x00000000e4980000, 0x0000000100000000)
  eden space 33280K, 100% used [0x00000000e0000000,0x00000000e2080000,0x00000000e2080000)
  from space 10240K, 43% used [0x00000000e2080000,0x00000000e24de970,0x00000000e2a80000)
  to   space 10240K, 0% used [0x00000000e3f80000,0x00000000e3f80000,0x00000000e4980000)
 ParOldGen       total 58368K, used 8582K [0x00000000a0000000, 0x00000000a3900000, 0x00000000e0000000)
  object space 58368K, 14% used [0x00000000a0000000,0x00000000a0861b58,0x00000000a3900000)
 Metaspace       used 28346K, capacity 28816K, committed 28928K, reserved 1075200K
  class space    used 3914K, capacity 4095K, committed 4096K, reserved 1048576K
Event: 15.353 GC heap after
Heap after GC invocations=9 (full 1):
 PSYoungGen      total 65024K, used 5531K [0x00000000e0000000, 0x00000000e4980000, 0x0000000100000000)
  eden space 54784K, 0% used [0x00000000e0000000,0x00000000e0000000,0x00000000e3580000)
  from space 10240K, 54% used [0x00000000e3f80000,0x00000000e44e6d98,0x00000000e4980000)
  to   space 10240K, 0% used [0x00000000e3580000,0x00000000e3580000,0x00000000e3f80000)
 ParOldGen       total 58368K, used 8590K [0x00000000a0000000, 0x00000000a3900000, 0x00000000e0000000)
  object space 58368K, 14% used [0x00000000a0000000,0x00000000a0863b58,0x00000000a3900000)
 Metaspace       used 28346K, capacity 28816K, committed 28928K, reserved 1075200K
  class space    used 3914K, capacity 4095K, committed 4096K, reserved 1048576K
}

