# JRE version: OpenJDK Runtime Environment (8.0_202-b03) (build 1.8.0_202-release-1483-b03)
# Java VM: OpenJDK 64-Bit Server VM (25.202-b03 mixed mode windows-amd64 compressed oops)
Heap:
 PSYoungGen      total 187904K, used 119628K [0x00000000e0000000, 0x00000000ec900000, 0x0000000100000000)
  eden space 174080K, 68% used [0x00000000e0000000,0x00000000e74d3130,0x00000000eaa00000)
  from space 13824K, 0% used [0x00000000ebb80000,0x00000000ebb80000,0x00000000ec900000)
  to   space 15872K, 0% used [0x00000000eaa00000,0x00000000eaa00000,0x00000000eb980000)
 ParOldGen       total 99840K, used 35292K [0x00000000a0000000, 0x00000000a6180000, 0x00000000e0000000)
  object space 99840K, 35% used [0x00000000a0000000,0x00000000a2277158,0x00000000a6180000)
 Metaspace       used 62741K, capacity 65140K, committed 65280K, reserved 1105920K
  class space    used 8627K, capacity 9163K, committed 9216K, reserved 1048576K
GC Heap History (10 events):
Event: 25.661 GC heap before
{Heap before GC invocations=13 (full 2):
 PSYoungGen      total 83456K, used 160K [0x00000000e0000000, 0x00000000e8680000, 0x0000000100000000)
  eden space 72704K, 0% used [0x00000000e0000000,0x00000000e0000000,0x00000000e4700000)
  from space 10752K, 1% used [0x00000000e4700000,0x00000000e4728000,0x00000000e5180000)
  to   space 11264K, 0% used [0x00000000e7b80000,0x00000000e7b80000,0x00000000e8680000)
 ParOldGen       total 58368K, used 16623K [0x00000000a0000000, 0x00000000a3900000, 0x00000000e0000000)
  object space 58368K, 28% used [0x00000000a0000000,0x00000000a103bd18,0x00000000a3900000)
 Metaspace       used 34599K, capacity 35456K, committed 35456K, reserved 1079296K
  class space    used 4785K, capacity 4992K, committed 4992K, reserved 1048576K
Event: 25.820 GC heap after
Heap after GC invocations=13 (full 2):
 PSYoungGen      total 83456K, used 0K [0x00000000e0000000, 0x00000000e8680000, 0x0000000100000000)
  eden space 72704K, 0% used [0x00000000e0000000,0x00000000e0000000,0x00000000e4700000)
  from space 10752K, 0% used [0x00000000e4700000,0x00000000e4700000,0x00000000e5180000)
  to   space 11264K, 0% used [0x00000000e7b80000,0x00000000e7b80000,0x00000000e8680000)
 ParOldGen       total 69632K, used 15530K [0x00000000a0000000, 0x00000000a4400000, 0x00000000e0000000)
  object space 69632K, 22% used [0x00000000a0000000,0x00000000a0f2aaa0,0x00000000a4400000)
 Metaspace       used 34599K, capacity 35456K, committed 35456K, reserved 1079296K
  class space    used 4785K, capacity 4992K, committed 4992K, reserved 1048576K
}
Event: 28.978 GC heap before
{Heap before GC invocations=14 (full 2):
 PSYoungGen      total 83456K, used 72704K [0x00000000e0000000, 0x00000000e8680000, 0x0000000100000000)
  eden space 72704K, 100% used [0x00000000e0000000,0x00000000e4700000,0x00000000e4700000)
  from space 10752K, 0% used [0x00000000e4700000,0x00000000e4700000,0x00000000e5180000)
  to   space 11264K, 0% used [0x00000000e7b80000,0x00000000e7b80000,0x00000000e8680000)
 ParOldGen       total 69632K, used 15530K [0x00000000a0000000, 0x00000000a4400000, 0x00000000e0000000)
  object space 69632K, 22% used [0x00000000a0000000,0x00000000a0f2aaa0,0x00000000a4400000)
 Metaspace       used 42960K, capacity 44136K, committed 44288K, reserved 1087488K
  class space    used 5830K, capacity 6091K, committed 6144K, reserved 1048576K
Event: 28.999 GC heap after
Heap after GC invocations=14 (full 2):
 PSYoungGen      total 124928K, used 10197K [0x00000000e0000000, 0x00000000e8700000, 0x0000000100000000)
  eden space 113664K, 0% used [0x00000000e0000000,0x00000000e0000000,0x00000000e6f00000)
  from space 11264K, 90% used [0x00000000e7b80000,0x00000000e8575758,0x00000000e8680000)
  to   space 12288K, 0% used [0x00000000e6f00000,0x00000000e6f00000,0x00000000e7b00000)
 ParOldGen       total 69632K, used 15538K [0x00000000a0000000, 0x00000000a4400000, 0x00000000e0000000)
  object space 69632K, 22% used [0x00000000a0000000,0x00000000a0f2caa0,0x00000000a4400000)
 Metaspace       used 42960K, capacity 44136K, committed 44288K, reserved 1087488K
  class space    used 5830K, capacity 6091K, committed 6144K, reserved 1048576K
}
Event: 33.550 GC heap before
{Heap before GC invocations=15 (full 2):
 PSYoungGen      total 124928K, used 123861K [0x00000000e0000000, 0x00000000e8700000, 0x0000000100000000)
  eden space 113664K, 100% used [0x00000000e0000000,0x00000000e6f00000,0x00000000e6f00000)
  from space 11264K, 90% used [0x00000000e7b80000,0x00000000e8575758,0x00000000e8680000)
  to   space 12288K, 0% used [0x00000000e6f00000,0x00000000e6f00000,0x00000000e7b00000)
 ParOldGen       total 69632K, used 15538K [0x00000000a0000000, 0x00000000a4400000, 0x00000000e0000000)
  object space 69632K, 22% used [0x00000000a0000000,0x00000000a0f2caa0,0x00000000a4400000)
 Metaspace       used 50592K, capacity 52202K, committed 52352K, reserved 1093632K
  class space    used 6835K, capacity 7227K, committed 7296K, reserved 1048576K
Event: 33.578 GC heap after
Heap after GC invocations=15 (full 2):
 PSYoungGen      total 125952K, used 12269K [0x00000000e0000000, 0x00000000ecb80000, 0x0000000100000000)
  eden space 113664K, 0% used [0x00000000e0000000,0x00000000e0000000,0x00000000e6f00000)
  from space 12288K, 99% used [0x00000000e6f00000,0x00000000e7afb760,0x00000000e7b00000)
  to   space 16384K, 0% used [0x00000000ebb80000,0x00000000ebb80000,0x00000000ecb80000)
 ParOldGen       total 69632K, used 21242K [0x00000000a0000000, 0x00000000a4400000, 0x00000000e0000000)
  object space 69632K, 30% used [0x00000000a0000000,0x00000000a14be8f0,0x00000000a4400000)
 Metaspace       used 50592K, capacity 52202K, committed 52352K, reserved 1093632K
  class space    used 6835K, capacity 7227K, committed 7296K, reserved 1048576K
}
Event: 39.816 GC heap before
{Heap before GC invocations=16 (full 2):
 PSYoungGen      total 125952K, used 102387K [0x00000000e0000000, 0x00000000ecb80000, 0x0000000100000000)
  eden space 113664K, 79% used [0x00000000e0000000,0x00000000e5801828,0x00000000e6f00000)
  from space 12288K, 99% used [0x00000000e6f00000,0x00000000e7afb760,0x00000000e7b00000)
  to   space 16384K, 0% used [0x00000000ebb80000,0x00000000ebb80000,0x00000000ecb80000)
 ParOldGen       total 69632K, used 21242K [0x00000000a0000000, 0x00000000a4400000, 0x00000000e0000000)
  object space 69632K, 30% used [0x00000000a0000000,0x00000000a14be8f0,0x00000000a4400000)
 Metaspace       used 56840K, capacity 58998K, committed 59096K, reserved 1099776K
  class space    used 7769K, capacity 8248K, committed 8320K, reserved 1048576K
Event: 39.970 GC heap after
Heap after GC invocations=16 (full 2):
 PSYoungGen      total 187904K, used 9341K [0x00000000e0000000, 0x00000000ec900000, 0x0000000100000000)
  eden space 174080K, 0% used [0x00000000e0000000,0x00000000e0000000,0x00000000eaa00000)
  from space 13824K, 67% used [0x00000000ebb80000,0x00000000ec49f600,0x00000000ec900000)
  to   space 15872K, 0% used [0x00000000eaa00000,0x00000000eaa00000,0x00000000eb980000)
 ParOldGen       total 69632K, used 28185K [0x00000000a0000000, 0x00000000a4400000, 0x00000000e0000000)
  object space 69632K, 40% used [0x00000000a0000000,0x00000000a1b86450,0x00000000a4400000)
 Metaspace       used 56840K, capacity 58998K, committed 59096K, reserved 1099776K
  class space    used 7769K, capacity 8248K, committed 8320K, reserved 1048576K
}
Event: 39.970 GC heap before
{Heap before GC invocations=17 (full 3):
 PSYoungGen      total 187904K, used 9341K [0x00000000e0000000, 0x00000000ec900000, 0x0000000100000000)
  eden space 174080K, 0% used [0x00000000e0000000,0x00000000e0000000,0x00000000eaa00000)
  from space 13824K, 67% used [0x00000000ebb80000,0x00000000ec49f600,0x00000000ec900000)
  to   space 15872K, 0% used [0x00000000eaa00000,0x00000000eaa00000,0x00000000eb980000)
 ParOldGen       total 69632K, used 28185K [0x00000000a0000000, 0x00000000a4400000, 0x00000000e0000000)
  object space 69632K, 40% used [0x00000000a0000000,0x00000000a1b86450,0x00000000a4400000)
 Metaspace       used 56840K, capacity 58998K, committed 59096K, reserved 1099776K
  class space    used 7769K, capacity 8248K, committed 8320K, reserved 1048576K
Event: 40.786 GC heap after
Heap after GC invocations=17 (full 3):
 PSYoungGen      total 187904K, used 0K [0x00000000e0000000, 0x00000000ec900000, 0x0000000100000000)
  eden space 174080K, 0% used [0x00000000e0000000,0x00000000e0000000,0x00000000eaa00000)
  from space 13824K, 0% used [0x00000000ebb80000,0x00000000ebb80000,0x00000000ec900000)
  to   space 15872K, 0% used [0x00000000eaa00000,0x00000000eaa00000,0x00000000eb980000)
 ParOldGen       total 99840K, used 35292K [0x00000000a0000000, 0x00000000a6180000, 0x00000000e0000000)
  object space 99840K, 35% used [0x00000000a0000000,0x00000000a2277158,0x00000000a6180000)
 Metaspace       used 56824K, capacity 58944K, committed 59096K, reserved 1099776K
  class space    used 7764K, capacity 8239K, committed 8320K, reserved 1048576K
}

